  GameManager.cpp
C:\Users\jakaz\OneDrive\Documents\C++ Apps\Breakout\Breakout-Colours\Breakout\Ball.h(13,40): warning C4305: 'argument': truncation from 'double' to 'T'
          with
          [
              T=float
          ]
C:\Users\jakaz\OneDrive\Documents\C++ Apps\Breakout\Breakout-Colours\Breakout\GameManager.cpp(14,56): warning C4244: 'argument': conversion from 'double' to 'T', possible loss of data
          with
          [
              T=float
          ]
C:\Users\jakaz\OneDrive\Documents\C++ Apps\Breakout\Breakout-Colours\Breakout\GameManager.cpp(14,38): warning C4244: 'argument': conversion from 'int' to 'T', possible loss of data
          with
          [
              T=float
          ]
C:\Users\jakaz\OneDrive\Documents\C++ Apps\Breakout\Breakout-Colours\Breakout\GameManager.cpp(17,58): warning C4244: 'argument': conversion from 'double' to 'T', possible loss of data
          with
          [
              T=float
          ]
C:\Users\jakaz\OneDrive\Documents\C++ Apps\Breakout\Breakout-Colours\Breakout\GameManager.cpp(17,40): warning C4244: 'argument': conversion from 'int' to 'T', possible loss of data
          with
          [
              T=float
          ]
C:\Users\jakaz\OneDrive\Documents\C++ Apps\Breakout\Breakout-Colours\Breakout\GameManager.cpp(32,19): warning C4244: 'initializing': conversion from 'float' to 'int', possible loss of data
C:\Users\jakaz\OneDrive\Documents\C++ Apps\Breakout\Breakout-Colours\Breakout\GameManager.cpp(34,15): warning C4244: 'initializing': conversion from 'float' to 'int', possible loss of data
C:\Users\jakaz\OneDrive\Documents\C++ Apps\Breakout\Breakout-Colours\Breakout\GameManager.cpp(63,40): warning C4244: 'argument': conversion from 'int' to 'T', possible loss of data
          with
          [
              T=float
          ]
  Generating code
  1 of 334 functions ( 0.3%) were compiled, the rest were copied from previous compilation.
    0 functions were new in current compilation
    1 functions had inline decision re-evaluated but remain unchanged
  Finished generating code
  Breakout.vcxproj -> C:\Users\jakaz\OneDrive\Documents\C++ Apps\Breakout\Breakout-Colours\Release\Breakout.exe
