c:\users\jakaz\onedrive\documents\c++ apps\breakout\breakout-colours\breakout\debug\vc142.pdb
c:\users\jakaz\onedrive\documents\c++ apps\breakout\breakout-colours\breakout\debug\vc142.idb
c:\users\jakaz\onedrive\documents\c++ apps\breakout\breakout-colours\breakout\debug\menu.obj
c:\users\jakaz\onedrive\documents\c++ apps\breakout\breakout-colours\breakout\debug\playing.obj
c:\users\jakaz\onedrive\documents\c++ apps\breakout\breakout-colours\breakout\debug\paused.obj
c:\users\jakaz\onedrive\documents\c++ apps\breakout\breakout-colours\breakout\debug\movingobject.obj
c:\users\jakaz\onedrive\documents\c++ apps\breakout\breakout-colours\breakout\debug\main.obj
c:\users\jakaz\onedrive\documents\c++ apps\breakout\breakout-colours\breakout\debug\gamestate.obj
c:\users\jakaz\onedrive\documents\c++ apps\breakout\breakout-colours\breakout\debug\gamemanager.obj
c:\users\jakaz\onedrive\documents\c++ apps\breakout\breakout-colours\breakout\debug\console.obj
c:\users\jakaz\onedrive\documents\c++ apps\breakout\breakout-colours\breakout\debug\block.obj
c:\users\jakaz\onedrive\documents\c++ apps\breakout\breakout-colours\breakout\debug\bat.obj
c:\users\jakaz\onedrive\documents\c++ apps\breakout\breakout-colours\breakout\debug\ball.obj
c:\users\jakaz\onedrive\documents\c++ apps\breakout\breakout-colours\breakout\debug\audiomanager.obj
c:\users\jakaz\onedrive\documents\c++ apps\breakout\breakout-colours\debug\breakout.exe
c:\users\jakaz\onedrive\documents\c++ apps\breakout\breakout-colours\debug\breakout.ilk
c:\users\jakaz\onedrive\documents\c++ apps\breakout\breakout-colours\debug\breakout.pdb
c:\users\jakaz\onedrive\documents\c++ apps\breakout\breakout-colours\breakout\debug\win.obj
c:\users\jakaz\onedrive\documents\c++ apps\breakout\breakout-colours\breakout\debug\main.nativecodeanalysis.xml
c:\users\jakaz\onedrive\documents\c++ apps\breakout\breakout-colours\breakout\debug\breakout.tlog\cl.command.1.tlog
c:\users\jakaz\onedrive\documents\c++ apps\breakout\breakout-colours\breakout\debug\breakout.tlog\cl.read.1.tlog
c:\users\jakaz\onedrive\documents\c++ apps\breakout\breakout-colours\breakout\debug\breakout.tlog\cl.write.1.tlog
c:\users\jakaz\onedrive\documents\c++ apps\breakout\breakout-colours\breakout\debug\breakout.tlog\link.command.1.tlog
c:\users\jakaz\onedrive\documents\c++ apps\breakout\breakout-colours\breakout\debug\breakout.tlog\link.read.1.tlog
c:\users\jakaz\onedrive\documents\c++ apps\breakout\breakout-colours\breakout\debug\breakout.tlog\link.write.1.tlog
